<?xml version="1.0" encoding="UTF-8"?>
<!-- Generated by org.testng.reporters.JUnitXMLReporter -->
<testsuite hostname="LIN80017329" ignored="0" name="Command line test" tests="3" failures="0" timestamp="06 Jul 2019 11:22:39 GMT" time="44.74" errors="0">
  <testcase name="test_AmazonLogin" time="12.099" classname="com.sample.webtest.SeleniumTest"/>
  <testcase name="test_OpenCartLogin" time="8.099" classname="com.sample.webtest.SeleniumTest"/>
  <testcase name="test_FlipkartLogin" time="6.319" classname="com.sample.webtest.SeleniumTest"/>
</testsuite> <!-- Command line test -->
